<?xml version="1.0" encoding="UTF-8"?>
<testsuite errors="0" failures="0" file="Apps/Tenants/test_login.py" name="Apps.Tenants.test_login.TenantLogin-20200303214930" skipped="0" tests="7" time="0.009" timestamp="2020-03-03T21:49:32">
	<testcase classname="Apps.Tenants.test_login.TenantLogin" file="Apps/Tenants/test_login.py" line="25" name="test_tenant_allCorrect" time="0.004" timestamp="2020-03-03T21:49:32">
		<system-out>
<![CDATA[]]>		</system-out>
		<system-err>
<![CDATA[]]>		</system-err>
	</testcase>
	<testcase classname="Apps.Tenants.test_login.TenantLogin" file="Apps/Tenants/test_login.py" line="52" name="test_tenant_incorrectEmail" time="0.001" timestamp="2020-03-03T21:49:32">
		<system-out>
<![CDATA[]]>		</system-out>
		<system-err>
<![CDATA[]]>		</system-err>
	</testcase>
	<testcase classname="Apps.Tenants.test_login.TenantLogin" file="Apps/Tenants/test_login.py" line="76" name="test_tenant_incorrectEmailField" time="0.001" timestamp="2020-03-03T21:49:32">
		<system-out>
<![CDATA[]]>		</system-out>
		<system-err>
<![CDATA[]]>		</system-err>
	</testcase>
	<testcase classname="Apps.Tenants.test_login.TenantLogin" file="Apps/Tenants/test_login.py" line="92" name="test_tenant_incorrectFields" time="0.001" timestamp="2020-03-03T21:49:32">
		<system-out>
<![CDATA[]]>		</system-out>
		<system-err>
<![CDATA[]]>		</system-err>
	</testcase>
	<testcase classname="Apps.Tenants.test_login.TenantLogin" file="Apps/Tenants/test_login.py" line="60" name="test_tenant_incorrectPass" time="0.001" timestamp="2020-03-03T21:49:32">
		<system-out>
<![CDATA[]]>		</system-out>
		<system-err>
<![CDATA[]]>		</system-err>
	</testcase>
	<testcase classname="Apps.Tenants.test_login.TenantLogin" file="Apps/Tenants/test_login.py" line="68" name="test_tenant_incorrectPassAndEmail" time="0.001" timestamp="2020-03-03T21:49:32">
		<system-out>
<![CDATA[]]>		</system-out>
		<system-err>
<![CDATA[]]>		</system-err>
	</testcase>
	<testcase classname="Apps.Tenants.test_login.TenantLogin" file="Apps/Tenants/test_login.py" line="84" name="test_tenant_incorrectPassField" time="0.001" timestamp="2020-03-03T21:49:32">
		<system-out>
<![CDATA[]]>		</system-out>
		<system-err>
<![CDATA[]]>		</system-err>
	</testcase>
</testsuite>
