<?xml version="1.0" encoding="UTF-8"?>
<testsuite errors="0" failures="0" file="Apps/Tenants/test_register.py" name="Apps.Tenants.test_register.TenantRegistration-20200303214930" skipped="0" tests="5" time="0.013" timestamp="2020-03-03T21:49:30">
	<testcase classname="Apps.Tenants.test_register.TenantRegistration" file="Apps/Tenants/test_register.py" line="74" name="test_tenant_Email" time="0.002" timestamp="2020-03-03T21:49:30">
		<system-out>
<![CDATA[]]>		</system-out>
		<system-err>
<![CDATA[]]>		</system-err>
	</testcase>
	<testcase classname="Apps.Tenants.test_register.TenantRegistration" file="Apps/Tenants/test_register.py" line="23" name="test_tenant_allCorrect" time="0.004" timestamp="2020-03-03T21:49:30">
		<system-out>
<![CDATA[]]>		</system-out>
		<system-err>
<![CDATA[]]>		</system-err>
	</testcase>
	<testcase classname="Apps.Tenants.test_register.TenantRegistration" file="Apps/Tenants/test_register.py" line="60" name="test_tenant_noFirstName" time="0.002" timestamp="2020-03-03T21:49:30">
		<system-out>
<![CDATA[]]>		</system-out>
		<system-err>
<![CDATA[]]>		</system-err>
	</testcase>
	<testcase classname="Apps.Tenants.test_register.TenantRegistration" file="Apps/Tenants/test_register.py" line="45" name="test_tenant_noLastName" time="0.002" timestamp="2020-03-03T21:49:30">
		<system-out>
<![CDATA[]]>		</system-out>
		<system-err>
<![CDATA[]]>		</system-err>
	</testcase>
	<testcase classname="Apps.Tenants.test_register.TenantRegistration" file="Apps/Tenants/test_register.py" line="87" name="test_tenant_noPassword" time="0.002" timestamp="2020-03-03T21:49:30">
		<system-out>
<![CDATA[]]>		</system-out>
		<system-err>
<![CDATA[]]>		</system-err>
	</testcase>
</testsuite>
