<?xml version="1.0" encoding="UTF-8"?>
<testsuites>
	<testsuite errors="0" failures="0" file="Apps/Properties/test_update.py" name="Apps.Properties.test_update.UpdateProperty-20200220030332" skipped="0" tests="5" time="0.452" timestamp="2020-02-20T03:03:33">
		<testcase classname="Apps.Properties.test_update.UpdateProperty" file="Apps/Properties/test_update.py" line="129" name="test_create_property_bad_field_bath" time="0.032" timestamp="2020-02-20T03:03:32">
			<system-out>
<![CDATA[]]>			</system-out>
			<system-err>
<![CDATA[]]>			</system-err>
		</testcase>
		<testcase classname="Apps.Properties.test_update.UpdateProperty" file="Apps/Properties/test_update.py" line="111" name="test_create_property_bad_field_city" time="0.006" timestamp="2020-02-20T03:03:32">
			<system-out>
<![CDATA[]]>			</system-out>
			<system-err>
<![CDATA[]]>			</system-err>
		</testcase>
		<testcase classname="Apps.Properties.test_update.UpdateProperty" file="Apps/Properties/test_update.py" line="148" name="test_create_property_bad_field_mult" time="0.005" timestamp="2020-02-20T03:03:32">
			<system-out>
<![CDATA[]]>			</system-out>
			<system-err>
<![CDATA[]]>			</system-err>
		</testcase>
		<testcase classname="Apps.Properties.test_update.UpdateProperty" file="Apps/Properties/test_update.py" line="93" name="test_create_property_bad_field_street" time="0.005" timestamp="2020-02-20T03:03:32">
			<system-out>
<![CDATA[]]>			</system-out>
			<system-err>
<![CDATA[]]>			</system-err>
		</testcase>
		<testcase classname="Apps.Properties.test_update.UpdateProperty" file="Apps/Properties/test_update.py" line="36" name="test_update_property_allCorrect" time="0.405" timestamp="2020-02-20T03:03:33">
			<system-out>
<![CDATA[]]>			</system-out>
			<system-err>
<![CDATA[]]>			</system-err>
		</testcase>
	</testsuite>
</testsuites>
