<?xml version="1.0" encoding="UTF-8"?>
<testsuites>
	<testsuite errors="1" failures="0" file="unittest/loader.py" name="unittest.loader._FailedTest-20200220060952" skipped="0" tests="1" time="0.009" timestamp="2020-02-20T06:09:52">
		<testcase classname="unittest.loader._FailedTest" file="/Applications/Xcode.app/Contents/Developer/Library/Frameworks/Python3.framework/Versions/3.7/lib/python3.7/unittest/loader.py" line="33" name="test_ApplianceCRUD" time="0.009" timestamp="2020-02-20T06:09:52">
			<error message="Failed to import test module: test_ApplianceCRUD
Traceback (most recent call last):
  File &quot;/Applications/Xcode.app/Contents/Developer/Library/Frameworks/Python3.framework/Versions/3.7/lib/python3.7/unittest/loader.py&quot;, line 154, in loadTestsFromName
    module = __import__(module_name)
  File &quot;/Users/aberard/Programming/HomePairs/2.0/homepairs/HomepairsApp/Apps/Appliances/test_ApplianceCRUD.py&quot;, line 6, in &lt;module&gt;
    from .helperFuncsForTesting import getInfo, setUpHelper, tearDownHelper
  File &quot;/Users/aberard/Programming/HomePairs/2.0/homepairs/HomepairsApp/Apps/Appliances/helperFuncsForTesting.py&quot;, line 4, in &lt;module&gt;
    from .models import Appliance, Property, PropertyManager, Tenant
ImportError: cannot import name 'PropertyManager' from 'Apps.Appliances.models' (/Users/aberard/Programming/HomePairs/2.0/homepairs/HomepairsApp/Apps/Appliances/models.py)
" type="ImportError">
<![CDATA[ImportError: Failed to import test module: test_ApplianceCRUD
Traceback (most recent call last):
  File "/Applications/Xcode.app/Contents/Developer/Library/Frameworks/Python3.framework/Versions/3.7/lib/python3.7/unittest/loader.py", line 154, in loadTestsFromName
    module = __import__(module_name)
  File "/Users/aberard/Programming/HomePairs/2.0/homepairs/HomepairsApp/Apps/Appliances/test_ApplianceCRUD.py", line 6, in <module>
    from .helperFuncsForTesting import getInfo, setUpHelper, tearDownHelper
  File "/Users/aberard/Programming/HomePairs/2.0/homepairs/HomepairsApp/Apps/Appliances/helperFuncsForTesting.py", line 4, in <module>
    from .models import Appliance, Property, PropertyManager, Tenant
ImportError: cannot import name 'PropertyManager' from 'Apps.Appliances.models' (/Users/aberard/Programming/HomePairs/2.0/homepairs/HomepairsApp/Apps/Appliances/models.py)

]]>			</error>
			<system-out>
<![CDATA[]]>			</system-out>
			<system-err>
<![CDATA[]]>			</system-err>
		</testcase>
	</testsuite>
</testsuites>
